<?xml version="1.0" encoding="UTF-8"?>
<!-- Generated by org.testng.reporters.JUnitXMLReporter -->
<testsuite hostname="LTCH-5CD105HTG9" name="Test" tests="11" failures="2" timestamp="26 May 2021 15:57:28 GMT" time="484.856" errors="0">
  <testcase name="MethodologyItemRelation_DeleteAnMethodologyRelation_status204" time="28.805" classname="restassured.automation.testcases.Restassured_Automation_MethodologyItemRelations"/>
  <testcase name="MethodologyItemRelation_DeleteAnMethodologyRelation_status400" time="30.288" classname="restassured.automation.testcases.Restassured_Automation_MethodologyItemRelations">
    <failure type="java.lang.AssertionError" message="expected [400] but found [204]">
      <![CDATA[java.lang.AssertionError: expected [400] but found [204]
	at restassured.automation.testcases.Restassured_Automation_MethodologyItemRelations.MethodologyItemRelation_DeleteAnMethodologyRelation_status400(Restassured_Automation_MethodologyItemRelations.java:1322)
... Removed 30 stack frames]]>
    </failure>
  </testcase> <!-- MethodologyItemRelation_DeleteAnMethodologyRelation_status400 -->
  <testcase name="MethodologyItemRelation_DeleteLinkedMethodologyItem_status200" time="78.449" classname="restassured.automation.testcases.Restassured_Automation_MethodologyItemRelations"/>
  <testcase name="MethodologyItemRelation_DeleteLinkedMethodologyItem_status400" time="56.143" classname="restassured.automation.testcases.Restassured_Automation_MethodologyItemRelations"/>
  <testcase name="MethodologyItemRelation_ListOfAllMethodologyRelation_status200" time="13.368" classname="restassured.automation.testcases.Restassured_Automation_MethodologyItemRelations"/>
  <testcase name="MethodologyItemRelation_ListOfAllMethodologyRelation_status400" time="10.331" classname="restassured.automation.testcases.Restassured_Automation_MethodologyItemRelations">
    <failure type="java.lang.AssertionError" message="expected [400] but found [200]">
      <![CDATA[java.lang.AssertionError: expected [400] but found [200]
	at restassured.automation.testcases.Restassured_Automation_MethodologyItemRelations.MethodologyItemRelation_ListOfAllMethodologyRelation_status400(Restassured_Automation_MethodologyItemRelations.java:512)
... Removed 30 stack frames]]>
    </failure>
  </testcase> <!-- MethodologyItemRelation_ListOfAllMethodologyRelation_status400 -->
  <testcase name="MethodologyItemRelation_MethodologyItemRelation_EndToEnd_Scenario" time="46.889" classname="restassured.automation.testcases.Restassured_Automation_MethodologyItemRelations"/>
  <testcase name="MethodologyItemRelation_PostCreateANewMethodologyRelation_status200" time="70.135" classname="restassured.automation.testcases.Restassured_Automation_MethodologyItemRelations"/>
  <testcase name="MethodologyItemRelation_PostCreateANewMethodologyRelation_status400" time="28.627" classname="restassured.automation.testcases.Restassured_Automation_MethodologyItemRelations"/>
  <testcase name="MethodologyItemRelation_UpdateAMethodologyRelation_status200" time="49.598" classname="restassured.automation.testcases.Restassured_Automation_MethodologyItemRelations"/>
  <testcase name="MethodologyItemRelation_UpdateAMethodologyRelation_status400" time="72.145" classname="restassured.automation.testcases.Restassured_Automation_MethodologyItemRelations"/>
</testsuite> <!-- Test -->
