<?xml version="1.0" encoding="UTF-8"?>
<!-- Generated by org.testng.reporters.JUnitXMLReporter -->
<testsuite hostname="LTCH-5CD105HTG9" name="Test" tests="8" failures="0" timestamp="12 May 2021 11:35:10 GMT" time="32.893" errors="0">
  <testcase name="EngagementType_GetListAllEngagementType" time="7.014" classname="restassured.automation.testcases.Restassured_Automation_EngagementType"/>
  <testcase name="EngagementType_InheritAnEngagementType400" time="6.163" classname="restassured.automation.testcases.Restassured_Automation_EngagementType"/>
  <testcase name="EngagementType_InheritAnEngagementType409" time="4.839" classname="restassured.automation.testcases.Restassured_Automation_EngagementType"/>
  <testcase name="EngagementType_PatchUpdateAnEngagementType_status400" time="5.186" classname="restassured.automation.testcases.Restassured_Automation_EngagementType"/>
  <testcase name="EngagementType_PatchUpdateAnEngagementType_status409" time="4.789" classname="restassured.automation.testcases.Restassured_Automation_EngagementType"/>
  <testcase name="EngagementType_PostcreateANewEngagementType_status200" time="1.679" classname="restassured.automation.testcases.Restassured_Automation_EngagementType"/>
  <testcase name="EngagementType_PostcreateANewEngagementType_status400" time="1.394" classname="restassured.automation.testcases.Restassured_Automation_EngagementType"/>
  <testcase name="EngagementType_PostcreateANewEngagementType_status409" time="1.671" classname="restassured.automation.testcases.Restassured_Automation_EngagementType"/>
</testsuite> <!-- Test -->
