<?xml version="1.0" encoding="UTF-8"?>
<!-- Generated by org.testng.reporters.JUnitXMLReporter -->
<testsuite hostname="LTCH-5CD105HTG9" name="Test(failed)" tests="17" failures="17" timestamp="14 Jun 2021 08:28:03 GMT" time="24.019" errors="0">
  <testcase name="MethodologyItem_FsliFliters_DeleteFinancialStatementFilters_204" time="1.177" classname="restassured.automation.testcases.Restassured_Automation_MethodologyItemFsliFilters">
    <failure type="io.restassured.path.json.exception.JsonPathException" message="Failed to parse the JSON document">
      <![CDATA[io.restassured.path.json.exception.JsonPathException: Failed to parse the JSON document
	at io.restassured.path.json.JsonPath$ExceptionCatcher.invoke(JsonPath.java:1002)
	at io.restassured.path.json.JsonPath$4.doParseWith(JsonPath.java:967)
	at io.restassured.path.json.JsonPath$JsonParser.parseWith(JsonPath.java:1047)
	at io.restassured.path.json.JsonPath.get(JsonPath.java:202)
	at restassured.automation.testcases.Restassured_Automation_MethodologyItemFsliFilters.MethodologyItem_FsliFliters_DeleteFinancialStatementFilters_204(Restassured_Automation_MethodologyItemFsliFilters.java:566)
Caused by: java.lang.IllegalArgumentException: The JSON input text should neither be null nor empty.
	at org.codehaus.groovy.runtime.callsite.ConstructorSite$ConstructorSiteNoUnwrapNoCoerce.callConstructor(ConstructorSite.java:105)
	at org.codehaus.groovy.runtime.callsite.AbstractCallSite.callConstructor(AbstractCallSite.java:249)
	at io.restassured.internal.path.json.ConfigurableJsonSlurper.parseText(ConfigurableJsonSlurper.groovy:80)
	at io.restassured.path.json.JsonPath$4$1.method(JsonPath.java:965)
	at io.restassured.path.json.JsonPath$ExceptionCatcher.invoke(JsonPath.java:1000)
	... 28 more
... Removed 28 stack frames]]>
    </failure>
  </testcase> <!-- MethodologyItem_FsliFliters_DeleteFinancialStatementFilters_204 -->
  <testcase name="ProcedureGroup_PostCreateAProcedureGroup_status409" time="1.431" classname="restassured.automation.testcases.Restassured_Automation_ProcedureGroups">
    <failure type="io.restassured.path.json.exception.JsonPathException" message="Failed to parse the JSON document">
      <![CDATA[io.restassured.path.json.exception.JsonPathException: Failed to parse the JSON document
	at io.restassured.path.json.JsonPath$ExceptionCatcher.invoke(JsonPath.java:1002)
	at io.restassured.path.json.JsonPath$4.doParseWith(JsonPath.java:967)
	at io.restassured.path.json.JsonPath$JsonParser.parseWith(JsonPath.java:1047)
	at io.restassured.path.json.JsonPath.get(JsonPath.java:202)
	at restassured.automation.testcases.Restassured_Automation_ProcedureGroups.ProcedureGroup_PostCreateAProcedureGroup_status409(Restassured_Automation_ProcedureGroups.java:985)
Caused by: java.lang.IllegalArgumentException: The JSON input text should neither be null nor empty.
	at org.codehaus.groovy.runtime.callsite.ConstructorSite$ConstructorSiteNoUnwrapNoCoerce.callConstructor(ConstructorSite.java:105)
	at org.codehaus.groovy.runtime.callsite.AbstractCallSite.callConstructor(AbstractCallSite.java:249)
	at io.restassured.internal.path.json.ConfigurableJsonSlurper.parseText(ConfigurableJsonSlurper.groovy:80)
	at io.restassured.path.json.JsonPath$4$1.method(JsonPath.java:965)
	at io.restassured.path.json.JsonPath$ExceptionCatcher.invoke(JsonPath.java:1000)
	... 28 more
... Removed 28 stack frames]]>
    </failure>
  </testcase> <!-- ProcedureGroup_PostCreateAProcedureGroup_status409 -->
  <testcase name="Methodology_DeleteAnCandidateRevisionWithStatus_400" time="1.43" classname="restassured.automation.testcases.Restassured_Automation_Methodology">
    <failure type="io.restassured.path.json.exception.JsonPathException" message="Failed to parse the JSON document">
      <![CDATA[io.restassured.path.json.exception.JsonPathException: Failed to parse the JSON document
	at io.restassured.path.json.JsonPath$ExceptionCatcher.invoke(JsonPath.java:1002)
	at io.restassured.path.json.JsonPath$4.doParseWith(JsonPath.java:967)
	at io.restassured.path.json.JsonPath$JsonParser.parseWith(JsonPath.java:1047)
	at io.restassured.path.json.JsonPath.get(JsonPath.java:202)
	at restassured.automation.testcases.Restassured_Automation_Methodology.Methodology_DeleteAnCandidateRevisionWithStatus_400(Restassured_Automation_Methodology.java:1392)
Caused by: java.lang.IllegalArgumentException: The JSON input text should neither be null nor empty.
	at org.codehaus.groovy.runtime.callsite.ConstructorSite$ConstructorSiteNoUnwrapNoCoerce.callConstructor(ConstructorSite.java:105)
	at org.codehaus.groovy.runtime.callsite.AbstractCallSite.callConstructor(AbstractCallSite.java:249)
	at io.restassured.internal.path.json.ConfigurableJsonSlurper.parseText(ConfigurableJsonSlurper.groovy:80)
	at io.restassured.path.json.JsonPath$4$1.method(JsonPath.java:965)
	at io.restassured.path.json.JsonPath$ExceptionCatcher.invoke(JsonPath.java:1000)
	... 28 more
... Removed 28 stack frames]]>
    </failure>
  </testcase> <!-- Methodology_DeleteAnCandidateRevisionWithStatus_400 -->
  <testcase name="Methodology_InheritAMethodology200" time="1.531" classname="restassured.automation.testcases.Restassured_Automation_Methodology">
    <failure type="io.restassured.path.json.exception.JsonPathException" message="Failed to parse the JSON document">
      <![CDATA[io.restassured.path.json.exception.JsonPathException: Failed to parse the JSON document
	at io.restassured.path.json.JsonPath$ExceptionCatcher.invoke(JsonPath.java:1002)
	at io.restassured.path.json.JsonPath$4.doParseWith(JsonPath.java:967)
	at io.restassured.path.json.JsonPath$JsonParser.parseWith(JsonPath.java:1047)
	at io.restassured.path.json.JsonPath.get(JsonPath.java:202)
	at restassured.automation.testcases.Restassured_Automation_Methodology.Methodology_InheritAMethodology200(Restassured_Automation_Methodology.java:1882)
Caused by: java.lang.IllegalArgumentException: The JSON input text should neither be null nor empty.
	at org.codehaus.groovy.runtime.callsite.ConstructorSite$ConstructorSiteNoUnwrapNoCoerce.callConstructor(ConstructorSite.java:105)
	at org.codehaus.groovy.runtime.callsite.AbstractCallSite.callConstructor(AbstractCallSite.java:249)
	at io.restassured.internal.path.json.ConfigurableJsonSlurper.parseText(ConfigurableJsonSlurper.groovy:80)
	at io.restassured.path.json.JsonPath$4$1.method(JsonPath.java:965)
	at io.restassured.path.json.JsonPath$ExceptionCatcher.invoke(JsonPath.java:1000)
	... 28 more
... Removed 28 stack frames]]>
    </failure>
  </testcase> <!-- Methodology_InheritAMethodology200 -->
  <testcase name="Publish_PostPublishInherit_status200" time="1.534" classname="restassured.automation.testcases.Restassured_Automation_PublishEngagementType">
    <failure type="io.restassured.path.json.exception.JsonPathException" message="Failed to parse the JSON document">
      <![CDATA[io.restassured.path.json.exception.JsonPathException: Failed to parse the JSON document
	at io.restassured.path.json.JsonPath$ExceptionCatcher.invoke(JsonPath.java:1002)
	at io.restassured.path.json.JsonPath$4.doParseWith(JsonPath.java:967)
	at io.restassured.path.json.JsonPath$JsonParser.parseWith(JsonPath.java:1047)
	at io.restassured.path.json.JsonPath.get(JsonPath.java:202)
	at restassured.automation.testcases.Restassured_Automation_PublishEngagementType.Publish_PostPublishInherit_status200(Restassured_Automation_PublishEngagementType.java:73)
Caused by: java.lang.IllegalArgumentException: The JSON input text should neither be null nor empty.
	at org.codehaus.groovy.runtime.callsite.ConstructorSite$ConstructorSiteNoUnwrapNoCoerce.callConstructor(ConstructorSite.java:105)
	at org.codehaus.groovy.runtime.callsite.AbstractCallSite.callConstructor(AbstractCallSite.java:249)
	at io.restassured.internal.path.json.ConfigurableJsonSlurper.parseText(ConfigurableJsonSlurper.groovy:80)
	at io.restassured.path.json.JsonPath$4$1.method(JsonPath.java:965)
	at io.restassured.path.json.JsonPath$ExceptionCatcher.invoke(JsonPath.java:1000)
	... 28 more
... Removed 28 stack frames]]>
    </failure>
  </testcase> <!-- Publish_PostPublishInherit_status200 -->
  <testcase name="MethodologyItemRelation_ListOfAllMethodologyRelation_status400" time="1.317" classname="restassured.automation.testcases.Restassured_Automation_MethodologyItemRelations">
    <failure type="io.restassured.path.json.exception.JsonPathException" message="Failed to parse the JSON document">
      <![CDATA[io.restassured.path.json.exception.JsonPathException: Failed to parse the JSON document
	at io.restassured.path.json.JsonPath$ExceptionCatcher.invoke(JsonPath.java:1002)
	at io.restassured.path.json.JsonPath$4.doParseWith(JsonPath.java:967)
	at io.restassured.path.json.JsonPath$JsonParser.parseWith(JsonPath.java:1047)
	at io.restassured.path.json.JsonPath.get(JsonPath.java:202)
	at restassured.automation.testcases.Restassured_Automation_MethodologyItemRelations.MethodologyItemRelation_ListOfAllMethodologyRelation_status400(Restassured_Automation_MethodologyItemRelations.java:670)
Caused by: java.lang.IllegalArgumentException: The JSON input text should neither be null nor empty.
	at org.codehaus.groovy.runtime.callsite.ConstructorSite$ConstructorSiteNoUnwrapNoCoerce.callConstructor(ConstructorSite.java:105)
	at org.codehaus.groovy.runtime.callsite.AbstractCallSite.callConstructor(AbstractCallSite.java:249)
	at io.restassured.internal.path.json.ConfigurableJsonSlurper.parseText(ConfigurableJsonSlurper.groovy:80)
	at io.restassured.path.json.JsonPath$4$1.method(JsonPath.java:965)
	at io.restassured.path.json.JsonPath$ExceptionCatcher.invoke(JsonPath.java:1000)
	... 28 more
... Removed 28 stack frames]]>
    </failure>
  </testcase> <!-- MethodologyItemRelation_ListOfAllMethodologyRelation_status400 -->
  <testcase name="MethodologyItemRelation_DeleteAnMethodologyRelation_status400" time="1.339" classname="restassured.automation.testcases.Restassured_Automation_MethodologyItemRelations">
    <failure type="io.restassured.path.json.exception.JsonPathException" message="Failed to parse the JSON document">
      <![CDATA[io.restassured.path.json.exception.JsonPathException: Failed to parse the JSON document
	at io.restassured.path.json.JsonPath$ExceptionCatcher.invoke(JsonPath.java:1002)
	at io.restassured.path.json.JsonPath$4.doParseWith(JsonPath.java:967)
	at io.restassured.path.json.JsonPath$JsonParser.parseWith(JsonPath.java:1047)
	at io.restassured.path.json.JsonPath.get(JsonPath.java:202)
	at restassured.automation.testcases.Restassured_Automation_MethodologyItemRelations.MethodologyItemRelation_DeleteAnMethodologyRelation_status400(Restassured_Automation_MethodologyItemRelations.java:1406)
Caused by: java.lang.IllegalArgumentException: The JSON input text should neither be null nor empty.
	at org.codehaus.groovy.runtime.callsite.ConstructorSite$ConstructorSiteNoUnwrapNoCoerce.callConstructor(ConstructorSite.java:105)
	at org.codehaus.groovy.runtime.callsite.AbstractCallSite.callConstructor(AbstractCallSite.java:249)
	at io.restassured.internal.path.json.ConfigurableJsonSlurper.parseText(ConfigurableJsonSlurper.groovy:80)
	at io.restassured.path.json.JsonPath$4$1.method(JsonPath.java:965)
	at io.restassured.path.json.JsonPath$ExceptionCatcher.invoke(JsonPath.java:1000)
	... 28 more
... Removed 28 stack frames]]>
    </failure>
  </testcase> <!-- MethodologyItemRelation_DeleteAnMethodologyRelation_status400 -->
  <testcase name="MethodologyItem_GetAllMethodologyItemsForARevision_status400" time="1.237" classname="restassured.automation.testcases.Restassured_Automation_MethodologItem">
    <failure type="io.restassured.path.json.exception.JsonPathException" message="Failed to parse the JSON document">
      <![CDATA[io.restassured.path.json.exception.JsonPathException: Failed to parse the JSON document
	at io.restassured.path.json.JsonPath$ExceptionCatcher.invoke(JsonPath.java:1002)
	at io.restassured.path.json.JsonPath$4.doParseWith(JsonPath.java:967)
	at io.restassured.path.json.JsonPath$JsonParser.parseWith(JsonPath.java:1047)
	at io.restassured.path.json.JsonPath.get(JsonPath.java:202)
	at restassured.automation.testcases.Restassured_Automation_MethodologItem.MethodologyItem_GetAllMethodologyItemsForARevision_status400(Restassured_Automation_MethodologItem.java:117)
Caused by: java.lang.IllegalArgumentException: The JSON input text should neither be null nor empty.
	at org.codehaus.groovy.runtime.callsite.ConstructorSite$ConstructorSiteNoUnwrapNoCoerce.callConstructor(ConstructorSite.java:105)
	at org.codehaus.groovy.runtime.callsite.AbstractCallSite.callConstructor(AbstractCallSite.java:249)
	at io.restassured.internal.path.json.ConfigurableJsonSlurper.parseText(ConfigurableJsonSlurper.groovy:80)
	at io.restassured.path.json.JsonPath$4$1.method(JsonPath.java:965)
	at io.restassured.path.json.JsonPath$ExceptionCatcher.invoke(JsonPath.java:1000)
	... 28 more
... Removed 28 stack frames]]>
    </failure>
  </testcase> <!-- MethodologyItem_GetAllMethodologyItemsForARevision_status400 -->
  <testcase name="MethodologyItem_PatchUpdateAMethodologyItemForTheRevision_status204" time="1.429" classname="restassured.automation.testcases.Restassured_Automation_MethodologItem">
    <failure type="io.restassured.path.json.exception.JsonPathException" message="Failed to parse the JSON document">
      <![CDATA[io.restassured.path.json.exception.JsonPathException: Failed to parse the JSON document
	at io.restassured.path.json.JsonPath$ExceptionCatcher.invoke(JsonPath.java:1002)
	at io.restassured.path.json.JsonPath$4.doParseWith(JsonPath.java:967)
	at io.restassured.path.json.JsonPath$JsonParser.parseWith(JsonPath.java:1047)
	at io.restassured.path.json.JsonPath.get(JsonPath.java:202)
	at restassured.automation.testcases.Restassured_Automation_MethodologItem.MethodologyItem_PatchUpdateAMethodologyItemForTheRevision_status204(Restassured_Automation_MethodologItem.java:582)
Caused by: java.lang.IllegalArgumentException: The JSON input text should neither be null nor empty.
	at org.codehaus.groovy.runtime.callsite.ConstructorSite$ConstructorSiteNoUnwrapNoCoerce.callConstructor(ConstructorSite.java:105)
	at org.codehaus.groovy.runtime.callsite.AbstractCallSite.callConstructor(AbstractCallSite.java:249)
	at io.restassured.internal.path.json.ConfigurableJsonSlurper.parseText(ConfigurableJsonSlurper.groovy:80)
	at io.restassured.path.json.JsonPath$4$1.method(JsonPath.java:965)
	at io.restassured.path.json.JsonPath$ExceptionCatcher.invoke(JsonPath.java:1000)
	... 28 more
... Removed 28 stack frames]]>
    </failure>
  </testcase> <!-- MethodologyItem_PatchUpdateAMethodologyItemForTheRevision_status204 -->
  <testcase name="OrganisationRoles_SUPER_USE_ENDPOINT_UpdateARolePermissionWithStatus_204" time="1.423" classname="restassured.automation.testcases.Restassured_Automation_OrgRoles">
    <failure type="java.lang.AssertionError" message="expected [200] but found [401]">
      <![CDATA[java.lang.AssertionError: expected [200] but found [401]
	at restassured.automation.testcases.Restassured_Automation_OrgRoles.OrganisationRoles_SUPER_USE_ENDPOINT_UpdateARolePermissionWithStatus_204(Restassured_Automation_OrgRoles.java:434)
... Removed 30 stack frames]]>
    </failure>
  </testcase> <!-- OrganisationRoles_SUPER_USE_ENDPOINT_UpdateARolePermissionWithStatus_204 -->
  <testcase name="EngagementTeamRoles_PostCreateAnEngagementRoleForAnOrganization_status200" time="1.232" classname="restassured.automation.testcases.Restassured_Automation_EngagementTeamRoles">
    <failure type="io.restassured.path.json.exception.JsonPathException" message="Failed to parse the JSON document">
      <![CDATA[io.restassured.path.json.exception.JsonPathException: Failed to parse the JSON document
	at io.restassured.path.json.JsonPath$ExceptionCatcher.invoke(JsonPath.java:1002)
	at io.restassured.path.json.JsonPath$4.doParseWith(JsonPath.java:967)
	at io.restassured.path.json.JsonPath$JsonParser.parseWith(JsonPath.java:1047)
	at io.restassured.path.json.JsonPath.get(JsonPath.java:202)
	at restassured.automation.testcases.Restassured_Automation_EngagementTeamRoles.EngagementTeamRoles_PostCreateAnEngagementRoleForAnOrganization_status200(Restassured_Automation_EngagementTeamRoles.java:107)
Caused by: java.lang.IllegalArgumentException: The JSON input text should neither be null nor empty.
	at org.codehaus.groovy.runtime.callsite.ConstructorSite$ConstructorSiteNoUnwrapNoCoerce.callConstructor(ConstructorSite.java:105)
	at org.codehaus.groovy.runtime.callsite.AbstractCallSite.callConstructor(AbstractCallSite.java:249)
	at io.restassured.internal.path.json.ConfigurableJsonSlurper.parseText(ConfigurableJsonSlurper.groovy:80)
	at io.restassured.path.json.JsonPath$4$1.method(JsonPath.java:965)
	at io.restassured.path.json.JsonPath$ExceptionCatcher.invoke(JsonPath.java:1000)
	... 28 more
... Removed 28 stack frames]]>
    </failure>
  </testcase> <!-- EngagementTeamRoles_PostCreateAnEngagementRoleForAnOrganization_status200 -->
  <testcase name="Rules_deleteARuleSet_status400" time="1.526" classname="restassured.automation.testcases.Restassured_Automation_Rules">
    <failure type="io.restassured.path.json.exception.JsonPathException" message="Failed to parse the JSON document">
      <![CDATA[io.restassured.path.json.exception.JsonPathException: Failed to parse the JSON document
	at io.restassured.path.json.JsonPath$ExceptionCatcher.invoke(JsonPath.java:1002)
	at io.restassured.path.json.JsonPath$4.doParseWith(JsonPath.java:967)
	at io.restassured.path.json.JsonPath$JsonParser.parseWith(JsonPath.java:1047)
	at io.restassured.path.json.JsonPath.get(JsonPath.java:202)
	at restassured.automation.testcases.Restassured_Automation_Rules.Rules_deleteARuleSet_status400(Restassured_Automation_Rules.java:2561)
Caused by: java.lang.IllegalArgumentException: The JSON input text should neither be null nor empty.
	at org.codehaus.groovy.runtime.callsite.ConstructorSite$ConstructorSiteNoUnwrapNoCoerce.callConstructor(ConstructorSite.java:105)
	at org.codehaus.groovy.runtime.callsite.AbstractCallSite.callConstructor(AbstractCallSite.java:249)
	at io.restassured.internal.path.json.ConfigurableJsonSlurper.parseText(ConfigurableJsonSlurper.groovy:80)
	at io.restassured.path.json.JsonPath$4$1.method(JsonPath.java:965)
	at io.restassured.path.json.JsonPath$ExceptionCatcher.invoke(JsonPath.java:1000)
	... 28 more
... Removed 28 stack frames]]>
    </failure>
  </testcase> <!-- Rules_deleteARuleSet_status400 -->
  <testcase name="EngagementTeamRoles_PatchUpdateAnEngagementRoleForAnOrganization_status409" time="1.532" classname="restassured.automation.testcases.Restassured_Automation_EngagementTeamRoles">
    <failure type="io.restassured.path.json.exception.JsonPathException" message="Failed to parse the JSON document">
      <![CDATA[io.restassured.path.json.exception.JsonPathException: Failed to parse the JSON document
	at io.restassured.path.json.JsonPath$ExceptionCatcher.invoke(JsonPath.java:1002)
	at io.restassured.path.json.JsonPath$4.doParseWith(JsonPath.java:967)
	at io.restassured.path.json.JsonPath$JsonParser.parseWith(JsonPath.java:1047)
	at io.restassured.path.json.JsonPath.get(JsonPath.java:202)
	at restassured.automation.testcases.Restassured_Automation_EngagementTeamRoles.EngagementTeamRoles_PatchUpdateAnEngagementRoleForAnOrganization_status409(Restassured_Automation_EngagementTeamRoles.java:354)
Caused by: java.lang.IllegalArgumentException: The JSON input text should neither be null nor empty.
	at org.codehaus.groovy.runtime.callsite.ConstructorSite$ConstructorSiteNoUnwrapNoCoerce.callConstructor(ConstructorSite.java:105)
	at org.codehaus.groovy.runtime.callsite.AbstractCallSite.callConstructor(AbstractCallSite.java:249)
	at io.restassured.internal.path.json.ConfigurableJsonSlurper.parseText(ConfigurableJsonSlurper.groovy:80)
	at io.restassured.path.json.JsonPath$4$1.method(JsonPath.java:965)
	at io.restassured.path.json.JsonPath$ExceptionCatcher.invoke(JsonPath.java:1000)
	... 28 more
... Removed 28 stack frames]]>
    </failure>
  </testcase> <!-- EngagementTeamRoles_PatchUpdateAnEngagementRoleForAnOrganization_status409 -->
  <testcase name="Rules_putUpdateANewRuleSet_status409" time="1.433" classname="restassured.automation.testcases.Restassured_Automation_Rules">
    <failure type="io.restassured.path.json.exception.JsonPathException" message="Failed to parse the JSON document">
      <![CDATA[io.restassured.path.json.exception.JsonPathException: Failed to parse the JSON document
	at io.restassured.path.json.JsonPath$ExceptionCatcher.invoke(JsonPath.java:1002)
	at io.restassured.path.json.JsonPath$4.doParseWith(JsonPath.java:967)
	at io.restassured.path.json.JsonPath$JsonParser.parseWith(JsonPath.java:1047)
	at io.restassured.path.json.JsonPath.get(JsonPath.java:202)
	at restassured.automation.testcases.Restassured_Automation_Rules.Rules_putUpdateANewRuleSet_status409(Restassured_Automation_Rules.java:1848)
Caused by: java.lang.IllegalArgumentException: The JSON input text should neither be null nor empty.
	at org.codehaus.groovy.runtime.callsite.ConstructorSite$ConstructorSiteNoUnwrapNoCoerce.callConstructor(ConstructorSite.java:105)
	at org.codehaus.groovy.runtime.callsite.AbstractCallSite.callConstructor(AbstractCallSite.java:249)
	at io.restassured.internal.path.json.ConfigurableJsonSlurper.parseText(ConfigurableJsonSlurper.groovy:80)
	at io.restassured.path.json.JsonPath$4$1.method(JsonPath.java:965)
	at io.restassured.path.json.JsonPath$ExceptionCatcher.invoke(JsonPath.java:1000)
	... 28 more
... Removed 28 stack frames]]>
    </failure>
  </testcase> <!-- Rules_putUpdateANewRuleSet_status409 -->
  <testcase name="EngagementTeamRoles_PostCreateAnEngagementRoleForAMethodology_status404" time="1.436" classname="restassured.automation.testcases.Restassured_Automation_EngagementTeamRoles">
    <failure type="io.restassured.path.json.exception.JsonPathException" message="Failed to parse the JSON document">
      <![CDATA[io.restassured.path.json.exception.JsonPathException: Failed to parse the JSON document
	at io.restassured.path.json.JsonPath$ExceptionCatcher.invoke(JsonPath.java:1002)
	at io.restassured.path.json.JsonPath$4.doParseWith(JsonPath.java:967)
	at io.restassured.path.json.JsonPath$JsonParser.parseWith(JsonPath.java:1047)
	at io.restassured.path.json.JsonPath.get(JsonPath.java:202)
	at restassured.automation.testcases.Restassured_Automation_EngagementTeamRoles.EngagementTeamRoles_PostCreateAnEngagementRoleForAMethodology_status404(Restassured_Automation_EngagementTeamRoles.java:657)
Caused by: java.lang.IllegalArgumentException: The JSON input text should neither be null nor empty.
	at org.codehaus.groovy.runtime.callsite.ConstructorSite$ConstructorSiteNoUnwrapNoCoerce.callConstructor(ConstructorSite.java:105)
	at org.codehaus.groovy.runtime.callsite.AbstractCallSite.callConstructor(AbstractCallSite.java:249)
	at io.restassured.internal.path.json.ConfigurableJsonSlurper.parseText(ConfigurableJsonSlurper.groovy:80)
	at io.restassured.path.json.JsonPath$4$1.method(JsonPath.java:965)
	at io.restassured.path.json.JsonPath$ExceptionCatcher.invoke(JsonPath.java:1000)
	... 28 more
... Removed 28 stack frames]]>
    </failure>
  </testcase> <!-- EngagementTeamRoles_PostCreateAnEngagementRoleForAMethodology_status404 -->
  <testcase name="EngagementTeamRoles_PostCreateAnEngagementRoleForAMethodology_status409" time="1.426" classname="restassured.automation.testcases.Restassured_Automation_EngagementTeamRoles">
    <failure type="io.restassured.path.json.exception.JsonPathException" message="Failed to parse the JSON document">
      <![CDATA[io.restassured.path.json.exception.JsonPathException: Failed to parse the JSON document
	at io.restassured.path.json.JsonPath$ExceptionCatcher.invoke(JsonPath.java:1002)
	at io.restassured.path.json.JsonPath$4.doParseWith(JsonPath.java:967)
	at io.restassured.path.json.JsonPath$JsonParser.parseWith(JsonPath.java:1047)
	at io.restassured.path.json.JsonPath.get(JsonPath.java:202)
	at restassured.automation.testcases.Restassured_Automation_EngagementTeamRoles.EngagementTeamRoles_PostCreateAnEngagementRoleForAMethodology_status409(Restassured_Automation_EngagementTeamRoles.java:771)
Caused by: java.lang.IllegalArgumentException: The JSON input text should neither be null nor empty.
	at org.codehaus.groovy.runtime.callsite.ConstructorSite$ConstructorSiteNoUnwrapNoCoerce.callConstructor(ConstructorSite.java:105)
	at org.codehaus.groovy.runtime.callsite.AbstractCallSite.callConstructor(AbstractCallSite.java:249)
	at io.restassured.internal.path.json.ConfigurableJsonSlurper.parseText(ConfigurableJsonSlurper.groovy:80)
	at io.restassured.path.json.JsonPath$4$1.method(JsonPath.java:965)
	at io.restassured.path.json.JsonPath$ExceptionCatcher.invoke(JsonPath.java:1000)
	... 28 more
... Removed 28 stack frames]]>
    </failure>
  </testcase> <!-- EngagementTeamRoles_PostCreateAnEngagementRoleForAMethodology_status409 -->
  <testcase name="EngagementTeamRoles_PatchUpdateAnEngagementRoleForAMethodology_status409" time="1.532" classname="restassured.automation.testcases.Restassured_Automation_EngagementTeamRoles">
    <failure type="io.restassured.path.json.exception.JsonPathException" message="Failed to parse the JSON document">
      <![CDATA[io.restassured.path.json.exception.JsonPathException: Failed to parse the JSON document
	at io.restassured.path.json.JsonPath$ExceptionCatcher.invoke(JsonPath.java:1002)
	at io.restassured.path.json.JsonPath$4.doParseWith(JsonPath.java:967)
	at io.restassured.path.json.JsonPath$JsonParser.parseWith(JsonPath.java:1047)
	at io.restassured.path.json.JsonPath.get(JsonPath.java:202)
	at restassured.automation.testcases.Restassured_Automation_EngagementTeamRoles.EngagementTeamRoles_PatchUpdateAnEngagementRoleForAMethodology_status409(Restassured_Automation_EngagementTeamRoles.java:968)
Caused by: java.lang.IllegalArgumentException: The JSON input text should neither be null nor empty.
	at org.codehaus.groovy.runtime.callsite.ConstructorSite$ConstructorSiteNoUnwrapNoCoerce.callConstructor(ConstructorSite.java:105)
	at org.codehaus.groovy.runtime.callsite.AbstractCallSite.callConstructor(AbstractCallSite.java:249)
	at io.restassured.internal.path.json.ConfigurableJsonSlurper.parseText(ConfigurableJsonSlurper.groovy:80)
	at io.restassured.path.json.JsonPath$4$1.method(JsonPath.java:965)
	at io.restassured.path.json.JsonPath$ExceptionCatcher.invoke(JsonPath.java:1000)
	... 28 more
... Removed 28 stack frames]]>
    </failure>
  </testcase> <!-- EngagementTeamRoles_PatchUpdateAnEngagementRoleForAMethodology_status409 -->
</testsuite> <!-- Test(failed) -->
